# JRE version: Java(TM) SE Runtime Environment (16.0.1+9) (build 16.0.1+9-24)
# Java VM: Java HotSpot(TM) 64-Bit Server VM (16.0.1+9-24, mixed mode, sharing, tiered, compressed oops, compressed class ptrs, g1 gc, windows-amd64)
GC Precious Log:
 CPUs: 2 total, 2 available
 Memory: 1934M
 Large Page Support: Disabled
 NUMA Support: Disabled
 Compressed Oops: Enabled (32-bit)
 Heap Region Size: 1M
 Heap Min Capacity: 8M
 Heap Initial Capacity: 32M
 Heap Max Capacity: 484M
 Pre-touch: Disabled
 Parallel Workers: 2
 Concurrent Workers: 1
 Concurrent Refinement Workers: 2
 Periodic GC: Disabled
Heap:
 garbage-first heap   total 71680K, used 19719K [0x00000000e1c00000, 0x0000000100000000)
  region size 1024K, 1 young (1024K), 1 survivors (1024K)
 Metaspace       used 39371K, committed 39680K, reserved 1089536K
  class space    used 5037K, committed 5184K, reserved 1048576K
GC Heap History (20 events):
Event: 720.567 GC heap after
{Heap after GC invocations=28 (full 0):
 garbage-first heap   total 111616K, used 13422K [0x00000000e1c00000, 0x0000000100000000)
  region size 1024K, 1 young (1024K), 1 survivors (1024K)
 Metaspace       used 21893K, committed 22144K, reserved 1073152K
  class space    used 2723K, committed 2880K, reserved 1048576K
}
Event: 731.636 GC heap before
{Heap before GC invocations=28 (full 0):
 garbage-first heap   total 111616K, used 17518K [0x00000000e1c00000, 0x0000000100000000)
  region size 1024K, 5 young (5120K), 1 survivors (1024K)
 Metaspace       used 22899K, committed 23168K, reserved 1073152K
  class space    used 2869K, committed 3008K, reserved 1048576K
}
Event: 731.642 GC heap after
{Heap after GC invocations=29 (full 0):
 garbage-first heap   total 111616K, used 13988K [0x00000000e1c00000, 0x0000000100000000)
  region size 1024K, 1 young (1024K), 1 survivors (1024K)
 Metaspace       used 22899K, committed 23168K, reserved 1073152K
  class space    used 2869K, committed 3008K, reserved 1048576K
}
Event: 734.398 GC heap before
{Heap before GC invocations=29 (full 0):
 garbage-first heap   total 111616K, used 18084K [0x00000000e1c00000, 0x0000000100000000)
  region size 1024K, 5 young (5120K), 1 survivors (1024K)
 Metaspace       used 24057K, committed 24320K, reserved 1073152K
  class space    used 2984K, committed 3072K, reserved 1048576K
}
Event: 734.466 GC heap after
{Heap after GC invocations=30 (full 0):
 garbage-first heap   total 111616K, used 14508K [0x00000000e1c00000, 0x0000000100000000)
  region size 1024K, 1 young (1024K), 1 survivors (1024K)
 Metaspace       used 24057K, committed 24320K, reserved 1073152K
  class space    used 2984K, committed 3072K, reserved 1048576K
}
Event: 745.686 GC heap before
{Heap before GC invocations=30 (full 0):
 garbage-first heap   total 111616K, used 17580K [0x00000000e1c00000, 0x0000000100000000)
  region size 1024K, 5 young (5120K), 1 survivors (1024K)
 Metaspace       used 24885K, committed 25152K, reserved 1073152K
  class space    used 3057K, committed 3200K, reserved 1048576K
}
Event: 745.691 GC heap after
{Heap after GC invocations=31 (full 0):
 garbage-first heap   total 111616K, used 14919K [0x00000000e1c00000, 0x0000000100000000)
  region size 1024K, 1 young (1024K), 1 survivors (1024K)
 Metaspace       used 24885K, committed 25152K, reserved 1073152K
  class space    used 3057K, committed 3200K, reserved 1048576K
}
Event: 745.694 GC heap before
{Heap before GC invocations=31 (full 0):
 garbage-first heap   total 111616K, used 17991K [0x00000000e1c00000, 0x0000000100000000)
  region size 1024K, 5 young (5120K), 1 survivors (1024K)
 Metaspace       used 24885K, committed 25152K, reserved 1073152K
  class space    used 3057K, committed 3200K, reserved 1048576K
}
Event: 745.702 GC heap after
{Heap after GC invocations=32 (full 0):
 garbage-first heap   total 111616K, used 14927K [0x00000000e1c00000, 0x0000000100000000)
  region size 1024K, 1 young (1024K), 1 survivors (1024K)
 Metaspace       used 24885K, committed 25152K, reserved 1073152K
  class space    used 3057K, committed 3200K, reserved 1048576K
}
Event: 745.718 GC heap before
{Heap before GC invocations=32 (full 0):
 garbage-first heap   total 111616K, used 27215K [0x00000000e1c00000, 0x0000000100000000)
  region size 1024K, 14 young (14336K), 1 survivors (1024K)
 Metaspace       used 24885K, committed 25152K, reserved 1073152K
  class space    used 3057K, committed 3200K, reserved 1048576K
}
Event: 745.722 GC heap after
{Heap after GC invocations=33 (full 0):
 garbage-first heap   total 111616K, used 14982K [0x00000000e1c00000, 0x0000000100000000)
  region size 1024K, 1 young (1024K), 1 survivors (1024K)
 Metaspace       used 24885K, committed 25152K, reserved 1073152K
  class space    used 3057K, committed 3200K, reserved 1048576K
}
Event: 761.658 GC heap before
{Heap before GC invocations=33 (full 0):
 garbage-first heap   total 111616K, used 38534K [0x00000000e1c00000, 0x0000000100000000)
  region size 1024K, 25 young (25600K), 1 survivors (1024K)
 Metaspace       used 25487K, committed 25792K, reserved 1073152K
  class space    used 3126K, committed 3264K, reserved 1048576K
}
Event: 761.664 GC heap after
{Heap after GC invocations=34 (full 0):
 garbage-first heap   total 111616K, used 14987K [0x00000000e1c00000, 0x0000000100000000)
  region size 1024K, 1 young (1024K), 1 survivors (1024K)
 Metaspace       used 25487K, committed 25792K, reserved 1073152K
  class space    used 3126K, committed 3264K, reserved 1048576K
}
Event: 790.690 GC heap before
{Heap before GC invocations=34 (full 0):
 garbage-first heap   total 111616K, used 53899K [0x00000000e1c00000, 0x0000000100000000)
  region size 1024K, 40 young (40960K), 1 survivors (1024K)
 Metaspace       used 36022K, committed 36288K, reserved 1081344K
  class space    used 4610K, committed 4736K, reserved 1048576K
}
Event: 790.734 GC heap after
{Heap after GC invocations=35 (full 0):
 garbage-first heap   total 111616K, used 18691K [0x00000000e1c00000, 0x0000000100000000)
  region size 1024K, 5 young (5120K), 5 survivors (5120K)
 Metaspace       used 36022K, committed 36288K, reserved 1081344K
  class space    used 4610K, committed 4736K, reserved 1048576K
}
Event: 801.286 GC heap before
{Heap before GC invocations=36 (full 0):
 garbage-first heap   total 71680K, used 32003K [0x00000000e1c00000, 0x0000000100000000)
  region size 1024K, 18 young (18432K), 5 survivors (5120K)
 Metaspace       used 39139K, committed 39488K, reserved 1089536K
  class space    used 5016K, committed 5184K, reserved 1048576K
}
Event: 808.821 GC heap after
{Heap after GC invocations=37 (full 0):
 garbage-first heap   total 71680K, used 19585K [0x00000000e1c00000, 0x0000000100000000)
  region size 1024K, 1 young (1024K), 1 survivors (1024K)
 Metaspace       used 39139K, committed 39488K, reserved 1089536K
  class space    used 5016K, committed 5184K, reserved 1048576K
}
Event: 808.956 GC heap before
{Heap before GC invocations=37 (full 0):
 garbage-first heap   total 71680K, used 21633K [0x00000000e1c00000, 0x0000000100000000)
  region size 1024K, 3 young (3072K), 1 survivors (1024K)
 Metaspace       used 39310K, committed 39616K, reserved 1089536K
  class space    used 5035K, committed 5184K, reserved 1048576K
}
Event: 809.468 GC heap after
{Heap after GC invocations=38 (full 0):
 garbage-first heap   total 71680K, used 19756K [0x00000000e1c00000, 0x0000000100000000)
  region size 1024K, 1 young (1024K), 1 survivors (1024K)
 Metaspace       used 39310K, committed 39616K, reserved 1089536K
  class space    used 5035K, committed 5184K, reserved 1048576K
}
Event: 809.672 GC heap before
{Heap before GC invocations=38 (full 0):
 garbage-first heap   total 71680K, used 21804K [0x00000000e1c00000, 0x0000000100000000)
  region size 1024K, 3 young (3072K), 1 survivors (1024K)
 Metaspace       used 39371K, committed 39680K, reserved 1089536K
  class space    used 5037K, committed 5184K, reserved 1048576K
}

